Sun 23:15: PROGRESS: MaxCompiler version: 2015.2
Sun 23:15: PROGRESS: Build "MovingAverageSimple" start time: Sun Dec 11 23:15:19 UTC 2016
Sun 23:15: PROGRESS: Main build process running as user smallina on host eeffe79e3dc0
Sun 23:15: INFO    : Loading build properties from bundled MaxCompiler_build.conf...
Sun 23:15: INFO    : Loading default build properties from /opt/MaxCompiler_build.conf
Sun 23:15: INFO    : User build properties not found in file: /home/smallina/.MaxCompiler_build_user.conf
Sun 23:15: INFO    : No user-specified external build property file has been specified.
Sun 23:15: INFO    : (Set environment variable MAXCOMPILER_BUILD_CONF_FILE to assign one)
Sun 23:15: INFO    : Loading additional parameters from MAXCOMPILER_BUILD_CONF environment variable
Sun 23:15: PROGRESS: Build location: /tmp/MovingAverageSimple_MAIA_DFE_SIM
Sun 23:15: PROGRESS: Detailed build log available in "_build.log"
Sun 23:15: INFO    : Created build manager MovingAverageSimple (MovingAverageSimple_MAIA_DFE_SIM Sun Dec 11 23:15:19 UTC 2016). (23:15:19 11/12/16)
Sun 23:15: INFO    : Working in dir: /tmp/MovingAverageSimple_MAIA_DFE_SIM
Sun 23:15: INFO    : Java class path (2 paths):
Sun 23:15: INFO    : 	/home/smallina/WebIDE-Projects/dot/RunRules/Simulation/dist/bin
Sun 23:15: INFO    : 	/opt/maxcompiler/lib/MaxCompiler.jar
Sun 23:15: INFO    : Java process started by 'main' method in class 'movingaveragesimple.MovingAverageSimpleManager'.
Sun 23:15: INFO    : build.arbitrated_core_cache parameter is blank, not using core-cache
Sun 23:15: INFO    : Checking license files in directory: /opt/maxcompiler//licenses
Sun 23:15: INFO    : All license signatures valid.
Sun 23:15: PROGRESS: Instantiating manager
Sun 23:15: PROGRESS: Instantiating kernel "MovingAverageSimpleKernel"
Sun 23:15: INFO    : Backing-up source-files (old source files in build directory will be removed first)...
Sun 23:15: INFO    : Source directories: src
Sun 23:15: INFO    : Not deleting directory (does not exist): src
Sun 23:15: INFO    : Copying source-files took 2.47787 ms
Sun 23:15: PROGRESS: Compiling manager (CPU I/O Only)
Sun 23:15: INFO    : Backing-up source-files (old source files in build directory will be removed first)...
Sun 23:15: INFO    : Source directories: src
Sun 23:15: INFO    : Deleting directory: src
Sun 23:15: INFO    : Copying source-files took 2.33073 ms
Sun 23:15: INFO    : Manager Configuration:
Sun 23:15: INFO    : 	ManagerConfiguration.allowNonMultipleTransitions = false                   [Init: false]
Sun 23:15: INFO    : 	ManagerConfiguration.board = MAX4848A                                      [Init: null, init: MAX4848A]
Sun 23:15: INFO    : 	ManagerConfiguration.build.buildEffort = MEDIUM                            [Init: MEDIUM]
Sun 23:15: INFO    : 	ManagerConfiguration.build.enableChipScopeInserter = false                 [Init: false]
Sun 23:15: INFO    : 	ManagerConfiguration.build.enableTimingAnalysis = true                     [Init: true]
Sun 23:15: INFO    : 	ManagerConfiguration.build.level = FULL_BUILD                              [Init: FULL_BUILD]
Sun 23:15: INFO    : 	ManagerConfiguration.build.mpprContinueAfterMeetingTiming = false          [Init: false]
Sun 23:15: INFO    : 	ManagerConfiguration.build.mpprCtMax = 1                                   [Init: 1]
Sun 23:15: INFO    : 	ManagerConfiguration.build.mpprCtMin = 1                                   [Init: 1]
Sun 23:15: INFO    : 	ManagerConfiguration.build.mpprParallelism = 1                             [Init: 1]
Sun 23:15: INFO    : 	ManagerConfiguration.build.mpprRetryMissesThrshld = 0                      [Init: 0]
Sun 23:15: INFO    : 	ManagerConfiguration.build.optGoal = BALANCED                              [Init: BALANCED]
Sun 23:15: INFO    : 	ManagerConfiguration.build.physSynthAsyncPipelining = AUTO                 [Init: AUTO]
Sun 23:15: INFO    : 	ManagerConfiguration.build.physSynthCombLogic = AUTO                       [Init: AUTO]
Sun 23:15: INFO    : 	ManagerConfiguration.build.physSynthCombLogicForArea = AUTO                [Init: AUTO]
Sun 23:15: INFO    : 	ManagerConfiguration.build.physSynthEffort = AUTO                          [Init: AUTO]
Sun 23:15: INFO    : 	ManagerConfiguration.build.physSynthRegDuplication = AUTO                  [Init: AUTO]
Sun 23:15: INFO    : 	ManagerConfiguration.build.physSynthRetiming = AUTO                        [Init: AUTO]
Sun 23:15: INFO    : 	ManagerConfiguration.build.physicalSynthesis = false                       [Init: false]
Sun 23:15: INFO    : 	ManagerConfiguration.buildTarget = DFE_SIM                                 [Init: null, init: DFE_SIM]
Sun 23:15: INFO    : 	ManagerConfiguration.debug.chipscopeCaptureDepth = 4096                    [Init: 4096]
Sun 23:15: INFO    : 	ManagerConfiguration.debug.fifoUnderOverFlowRegs = false                   [Init: false]
Sun 23:15: INFO    : 	ManagerConfiguration.debug.memCtlDebugRegs = true                          [Init: true]
Sun 23:15: INFO    : 	ManagerConfiguration.debug.memCtlExtraDebugRegs = false                    [Init: false]
Sun 23:15: INFO    : 	ManagerConfiguration.debug.memMarginingSupport = false                     [Init: false]
Sun 23:15: INFO    : 	ManagerConfiguration.debug.memPhyDebugRegister = NONE                      [Init: NONE]
Sun 23:15: INFO    : 	ManagerConfiguration.debug.memPllLockDebugRegs = true                      [Init: true]
Sun 23:15: INFO    : 	ManagerConfiguration.debug.streamStatus = false                            [Init: false]
Sun 23:15: INFO    : 	ManagerConfiguration.debug.streamStatusChecksums = false                   [Init: false]
Sun 23:15: INFO    : 	ManagerConfiguration.dram.addressGeneratorsInSlowClock = false             [Init: false]
Sun 23:15: INFO    : 	ManagerConfiguration.dram.arbitrationMode = ROUND_ROBIN                    [Init: ROUND_ROBIN]
Sun 23:15: INFO    : 	ManagerConfiguration.dram.burstSize = 8                                    [Init: 8]
Sun 23:15: INFO    : 	ManagerConfiguration.dram.cmdFifoInReg = false                             [Init: false]
Sun 23:15: INFO    : 	ManagerConfiguration.dram.cmdFifoLutRam = false                            [Init: false]
Sun 23:15: INFO    : 	ManagerConfiguration.dram.cmdFifoRegInRam = true                           [Init: true]
Sun 23:15: INFO    : 	ManagerConfiguration.dram.cmdFifoSize = 31                                 [Init: 31]
Sun 23:15: INFO    : 	ManagerConfiguration.dram.commandEchoModeEnabled = false                   [Init: false]
Sun 23:15: INFO    : 	ManagerConfiguration.dram.commandEchoModeFifoDepth = 512                   [Init: 512]
Sun 23:15: INFO    : 	ManagerConfiguration.dram.commandEchoModeStreamAlmostEmptyLatency = 792    [Init: 792]
Sun 23:15: INFO    : 	ManagerConfiguration.dram.commandEchoModeStreamAlmostEmptyLatency = 8      [Init: 8]
Sun 23:15: INFO    : 	ManagerConfiguration.dram.commandEchoModeStreamStallLatency = 8            [Init: 8]
Sun 23:15: INFO    : 	ManagerConfiguration.dram.dataFifoDepth = 512                              [Init: 512]
Sun 23:15: INFO    : 	ManagerConfiguration.dram.dataFifoLutRam = false                           [Init: false]
Sun 23:15: INFO    : 	ManagerConfiguration.dram.dataFifoWidth = 792                              [Init: 792]
Sun 23:15: INFO    : 	ManagerConfiguration.dram.eccMode = true                                   [Init: false, change: true]
Sun 23:15: INFO    : 	ManagerConfiguration.dram.fabricDataFifoReg = true                         [Init: true]
Sun 23:15: INFO    : 	ManagerConfiguration.dram.fabricRdDataFifoReg = false                      [Init: false]
Sun 23:15: INFO    : 	ManagerConfiguration.dram.flagSupport = false                              [Init: false]
Sun 23:15: INFO    : 	ManagerConfiguration.dram.highPrioStream = false                           [Init: false]
Sun 23:15: INFO    : 	ManagerConfiguration.dram.max2CompatMode = false                           [Init: false]
Sun 23:15: INFO    : 	ManagerConfiguration.dram.max4m_GALAVA_MCP_UseRefClk = false               [Init: false]
Sun 23:15: INFO    : 	ManagerConfiguration.dram.max4m_MAIA_MCP_UseRefClk = false                 [Init: false]
Sun 23:15: INFO    : 	ManagerConfiguration.dram.max4qrateMode = false                            [Init: false]
Sun 23:15: INFO    : 	ManagerConfiguration.dram.memCmdIncSize = 8                                [Init: 8]
Sun 23:15: INFO    : 	ManagerConfiguration.dram.memCmdStartAddrSize = 32                         [Init: 32]
Sun 23:15: INFO    : 	ManagerConfiguration.dram.onCardMemFreq = 400.0                            [Init: 0.0, change: 400.0]
Sun 23:15: INFO    : 	ManagerConfiguration.dram.parEccDebugStream = false                        [Init: false]
Sun 23:15: INFO    : 	ManagerConfiguration.dram.parityEccWidth = 72                              [Init: 0, change: 72]
Sun 23:15: INFO    : 	ManagerConfiguration.dram.parityMode = true                                [Init: false, change: true]
Sun 23:15: INFO    : 	ManagerConfiguration.dram.perdqsPhaseDetect = false                        [Init: false]
Sun 23:15: INFO    : 	ManagerConfiguration.dram.performanceMode = true                           [Init: true]
Sun 23:15: INFO    : 	ManagerConfiguration.enableMPCX = false                                    [Init: false, init: false]
Sun 23:15: INFO    : 	ManagerConfiguration.maxring.maxringConnections = []                       [Init: []]
Sun 23:15: INFO    : 	ManagerConfiguration.maxring.maxringNumLanes = {}                          [Init: {}]
Sun 23:15: INFO    : 	ManagerConfiguration.multiCycleMappedMemoryBus = false                     [Init: false]
Sun 23:15: INFO    : 	ManagerConfiguration.network.qsfp0Mode = QSFP_OFF                          [Init: QSFP_OFF]
Sun 23:15: INFO    : 	ManagerConfiguration.network.qsfp1Mode = QSFP_OFF                          [Init: QSFP_OFF]
Sun 23:15: INFO    : 	ManagerConfiguration.network.qsfp2Mode = QSFP_OFF                          [Init: QSFP_OFF]
Sun 23:15: INFO    : 	ManagerConfiguration.network.qsfp3Mode = QSFP_OFF                          [Init: QSFP_OFF]
Sun 23:15: INFO    : 	ManagerConfiguration.network.qsfp4Mode = QSFP_OFF                          [Init: QSFP_OFF]
Sun 23:15: INFO    : 	ManagerConfiguration.network.qsfp5Mode = QSFP_OFF                          [Init: QSFP_OFF]
Sun 23:15: INFO    : 	ManagerConfiguration.network.qsfp6Mode = QSFP_OFF                          [Init: QSFP_OFF]
Sun 23:15: INFO    : 	ManagerConfiguration.network.qsfp7Mode = QSFP_OFF                          [Init: QSFP_OFF]
Sun 23:15: INFO    : 	ManagerConfiguration.pcie.numPCIeLanes = 8                                 [Init: 0, change: 8]
Sun 23:15: INFO    : 	ManagerConfiguration.pcie.pcieFastClock = true                             [Init: false, change: true]
Sun 23:15: INFO    : 	ManagerConfiguration.pcie.streamFromHostMaxNum = 0                         [Init: 0]
Sun 23:15: INFO    : 	ManagerConfiguration.pcie.streamToHostMaxNum = 0                           [Init: 0]
Sun 23:15: INFO    : 	ManagerConfiguration.persona.boardModel = MAX4848A                         [Init: null, change: MAX4848A]
Sun 23:15: INFO    : 	ManagerConfiguration.persona.ddr3Enable = false                            [Init: false]
Sun 23:15: INFO    : 	ManagerConfiguration.persona.ddr3Frq = 400.0                               [Init: 400.0]
Sun 23:15: INFO    : 	ManagerConfiguration.persona.ddr3Qmode = false                             [Init: false]
Sun 23:15: INFO    : 	ManagerConfiguration.persona.disableMultiplePersona = true                 [Init: true]
Sun 23:15: INFO    : 	ManagerConfiguration.persona.dynamic_scaling = false                       [Init: false]
Sun 23:15: INFO    : 	ManagerConfiguration.persona.enableCPLDOverrideOutpus = false              [Init: false]
Sun 23:15: INFO    : 	ManagerConfiguration.persona.enableJDFEPTPTestLogic = false                [Init: false]
Sun 23:15: INFO    : 	ManagerConfiguration.persona.maxRingLocal = false                          [Init: false]
Sun 23:15: INFO    : 	ManagerConfiguration.persona.maxRingOptical = false                        [Init: false]
Sun 23:15: INFO    : 	ManagerConfiguration.persona.maxringDataRate = 2500.0                      [Init: 2500.0]
Sun 23:15: INFO    : 	ManagerConfiguration.persona.maxringOpticalDataRate = 10000.0              [Init: 10000.0]
Sun 23:15: INFO    : 	ManagerConfiguration.persona.mode = InitMode                               [Init: InitMode]
Sun 23:15: INFO    : 	ManagerConfiguration.persona.networkPTP = OFF                              [Init: OFF]
Sun 23:15: INFO    : 	ManagerConfiguration.persona.panMaxRingA = false                           [Init: false]
Sun 23:15: INFO    : 	ManagerConfiguration.persona.panMaxRingB = false                           [Init: false]
Sun 23:15: INFO    : 	ManagerConfiguration.persona.personaInterfaceVersion = 1                   [Init: 1]
Sun 23:15: INFO    : 	ManagerConfiguration.persona.qdr2Enable = false                            [Init: false]
Sun 23:15: INFO    : 	ManagerConfiguration.persona.qdr2Frq = 350.0                               [Init: 350.0]
Sun 23:15: INFO    : 	ManagerConfiguration.persona.streamClks = 1                                [Init: 1]
Sun 23:15: INFO    : 	ManagerConfiguration.persona.streamFrq = [100.0]                           [Init: [150.0], change: [100.0]]
Sun 23:15: INFO    : 	ManagerConfiguration.persona.streamPs = [0]                                [Init: [0]]
Sun 23:15: INFO    : 	ManagerConfiguration.persona.usePCIeGen1 = false                           [Init: false]
Sun 23:15: INFO    : 	ManagerConfiguration.simulation.nativeFloatingPoint = false                [Init: false]
Sun 23:15: INFO    : 	ManagerConfiguration.streamClockFrq = 100                                  [Init: 100]
Sun 23:15: INFO    : 	ManagerConfiguration.useLegacyStreamFIFOs = false                          [Init: false]
Sun 23:15: INFO    : 
Sun 23:15: INFO    :  -- 
Sun 23:15: PROGRESS: 
Sun 23:15: PROGRESS: Compiling kernel "MovingAverageSimpleKernel"
Sun 23:15: INFO    : Configuration:
Sun 23:15: INFO    : 	KernelConfiguration.additionalInputPipelining = 64                                          [Init: 64]
Sun 23:15: INFO    : 	KernelConfiguration.allowDSPCascading = true                                                [Init: true]
Sun 23:15: INFO    : 	KernelConfiguration.allowInputsOutputsBeforeFlushNode = false                               [Init: false]
Sun 23:15: INFO    : 	KernelConfiguration.allowZeroLatencyNodeHold = false                                        [Init: false]
Sun 23:15: INFO    : 	KernelConfiguration.board = MAX4848A                                                        [Init: MAX2116B, change: MAX4848A]
Sun 23:15: INFO    : 	KernelConfiguration.bramBitsThreshold = 2080                                                [Init: 2080]
Sun 23:15: INFO    : 	KernelConfiguration.buildTarget = MAXCOMPILERSIM_HOST_DRIVEN                                [Init: NONE, change: MAXCOMPILERSIM_HOST_DRIVEN]
Sun 23:15: INFO    : 	KernelConfiguration.cePipelining = 2                                                        [Init: 2]
Sun 23:15: INFO    : 	KernelConfiguration.clockPhaseBalanceThreshold = 0.1                                        [Init: 0.1]
Sun 23:15: INFO    : 	KernelConfiguration.clockPhasingRetries = 50                                                [Init: 50]
Sun 23:15: INFO    : 	KernelConfiguration.dumpNeighboursString =                                                  [Init: ]
Sun 23:15: INFO    : 	KernelConfiguration.enableCeReplication = true                                              [Init: true]
Sun 23:15: INFO    : 	KernelConfiguration.enableClockPhasePartitioning = false                                    [Init: false]
Sun 23:15: INFO    : 	KernelConfiguration.enableDebugIOControlRegs = true                                         [Init: true]
Sun 23:15: INFO    : 	KernelConfiguration.enableDummyBuild = false                                                [Init: false]
Sun 23:15: INFO    : 	KernelConfiguration.enableKernelProfiler = false                                            [Init: false]
Sun 23:15: INFO    : 	KernelConfiguration.enablePipelinedComputeController = false                                [Init: false]
Sun 23:15: INFO    : 	KernelConfiguration.enableShadowRegister = false                                            [Init: false]
Sun 23:15: INFO    : 	KernelConfiguration.enableSmartKernelControl = false                                        [Init: false]
Sun 23:15: INFO    : 	KernelConfiguration.fifoSrlRegisterStages = 1                                               [Init: 1]
Sun 23:15: INFO    : 	KernelConfiguration.flushOnInputDataCongtiguous = false                                     [Init: false]
Sun 23:15: INFO    : 	KernelConfiguration.hardwareDebugDepth = 512                                                [Init: 512]
Sun 23:15: INFO    : 	KernelConfiguration.hwHierarchyMode = UNSET                                                 [Init: UNSET]
Sun 23:15: INFO    : 	KernelConfiguration.latencyAnnotation = false                                               [Init: false]
Sun 23:15: INFO    : 	KernelConfiguration.latencyAnnotationIOs =                                                  [Init: null]
Sun 23:15: INFO    : 	KernelConfiguration.maxCoalescedFifoWidth = 2147483647                                      [Init: 2147483647]
Sun 23:15: INFO    : 	KernelConfiguration.maxPreAdderFanOut = 1                                                   [Init: 1]
Sun 23:15: INFO    : 	KernelConfiguration.netlistMode = false                                                     [Init: false]
Sun 23:15: INFO    : 	KernelConfiguration.numPhotonStateMachines = 1                                              [Init: 1]
Sun 23:15: INFO    : 	KernelConfiguration.optimizations.ceCounterRegisterDuplication = 1                          [Init: 1]
Sun 23:15: INFO    : 	KernelConfiguration.optimizations.conditionalArithmetic = true                              [Init: true]
Sun 23:15: INFO    : 	KernelConfiguration.optimizations.counterChainWrapPipelining = 0                            [Init: 0]
Sun 23:15: INFO    : 	KernelConfiguration.optimizations.dspAddChain = OPTIMISE                                    [Init: null, Init after BuildTarget change: OPTIMISE]
Sun 23:15: INFO    : 	KernelConfiguration.optimizations.enableActiveFanoutReduction = false                       [Init: false]
Sun 23:15: INFO    : 	KernelConfiguration.optimizations.enableBUFGCE = false                                      [Init: false]
Sun 23:15: INFO    : 	KernelConfiguration.optimizations.enableBetterInputRegistering = false                      [Init: false]
Sun 23:15: INFO    : 	KernelConfiguration.optimizations.enableBetterRegistering = false                           [Init: false]
Sun 23:15: INFO    : 	KernelConfiguration.optimizations.enableFIFOCoalescingAcrossPlacementConstraints = false    [Init: false]
Sun 23:15: INFO    : 	KernelConfiguration.optimizations.enableFifoCoalescing = true                               [Init: true]
Sun 23:15: INFO    : 	KernelConfiguration.optimizations.enableFullPrecisionBinaryOpConstants = false              [Init: false]
Sun 23:15: INFO    : 	KernelConfiguration.optimizations.enableIntegratedRounding = false                          [Init: false]
Sun 23:15: INFO    : 	KernelConfiguration.optimizations.enableMappedMemoryHostReadBack = true                     [Init: true]
Sun 23:15: INFO    : 	KernelConfiguration.optimizations.enableMultiCycleReset = false                             [Init: false]
Sun 23:15: INFO    : 	KernelConfiguration.optimizations.enablePowerTwoFloatMult = true                            [Init: true]
Sun 23:15: INFO    : 	KernelConfiguration.optimizations.enableRedundantNodeDeletion = true                        [Init: true]
Sun 23:15: INFO    : 	KernelConfiguration.optimizations.enableStateMachineRegisterMerging = true                  [Init: true]
Sun 23:15: INFO    : 	KernelConfiguration.optimizations.inputFlushDistanceFactor = 0                              [Init: 0]
Sun 23:15: INFO    : 	KernelConfiguration.optimizations.minimumStaticFIFOSplitDepth = 1                           [Init: 1]
Sun 23:15: INFO    : 	KernelConfiguration.optimizations.optimizationTechnique = DEFAULT                           [Init: DEFAULT]
Sun 23:15: INFO    : 	KernelConfiguration.optimizations.triAdd = true                                             [Init: true]
Sun 23:15: INFO    : 	KernelConfiguration.partialReconfBlockName =                                                [Init: ]
Sun 23:15: INFO    : 	KernelConfiguration.partialReconfMode = false                                               [Init: false]
Sun 23:15: INFO    : 	KernelConfiguration.partialReconfTemplate = false                                           [Init: false]
Sun 23:15: INFO    : 	KernelConfiguration.replicateNodeCeLog2NumPartitions = 0                                    [Init: 0]
Sun 23:15: INFO    : 	KernelConfiguration.romBRAMBitsThreshold = 2080                                             [Init: 2080]
Sun 23:15: INFO    : 	KernelConfiguration.simulation.ramAddressCollisionBehaviour = EXCEPTION                     [Init: EXCEPTION]
Sun 23:15: INFO    : 	KernelConfiguration.simulation.ramOutOfBoundsAccessBehaviour = EXCEPTION                    [Init: EXCEPTION]
Sun 23:15: INFO    : 	KernelConfiguration.simulation.simProgressMessageFrequency = 0                              [Init: 0]
Sun 23:15: INFO    : 
Sun 23:15: INFO    :  -- 
Sun 23:15: INFO    : Writing current graph to: MovingAverageSimple-MovingAverageSimpleKernel-original.pxg
Sun 23:15: INFO    : Running kernel graph-pass 'GeneratePXG'.
Sun 23:15: INFO    : Graph-pass 'GeneratePXG' took 65.3447 ms (1 iterations)
Sun 23:15: INFO    : Running kernel graph-pass 'MarkConstantPass'.
Sun 23:15: INFO    : Graph-pass 'MarkConstantPass' took 1.74266 ms (1 iterations)
Sun 23:15: INFO    : Running kernel graph-pass 'ReachabilityPass'.
Sun 23:15: INFO    : Graph-pass 'ReachabilityPass' took 1.43273 ms (1 iterations)
Sun 23:15: INFO    : Running kernel graph-pass 'FindInputsLeadingToFlush'.
Sun 23:15: INFO    : Graph-pass 'FindInputsLeadingToFlush' took 88.1820 ?s (1 iterations)
Sun 23:15: INFO    : Running kernel graph-pass 'CheckForStatefulToFlushViolations'.
Sun 23:15: INFO    : Graph-pass 'CheckForStatefulToFlushViolations' took 291.429 ?s (1 iterations)
Sun 23:15: INFO    : Running kernel graph-pass 'CheckForInputToFlushViolations'.
Sun 23:15: INFO    : Graph-pass 'CheckForInputToFlushViolations' took 859.584 ?s (1 iterations)
Sun 23:15: INFO    : Not deleting directory (does not exist): neighbours
Sun 23:15: INFO    : Running Photon pre-schedule graph optimisations
Sun 23:15: INFO    : Running kernel graph-pass 'AlignOrEradicatePrintfs'.
Sun 23:15: INFO    : Graph-pass 'AlignOrEradicatePrintfs' took 69.1120 ?s (1 iterations)
Sun 23:15: INFO    : Running kernel graph-pass 'FoldConstantsPass'.
Sun 23:15: INFO    : Graph-pass 'FoldConstantsPass' took 633.024 ?s (1 iterations)
Sun 23:15: INFO    : Running kernel graph-pass 'OptimiseNodesPass'.
Sun 23:15: INFO    : Graph-pass 'OptimiseNodesPass' took 4.48907 ms (2 iterations)
Sun 23:15: INFO    : Running kernel graph-pass 'DeleteRedundantNodes'.
Sun 23:15: INFO    : Graph-pass 'DeleteRedundantNodes' took 118.596 ?s (1 iterations)
Sun 23:15: INFO    : Running kernel graph-pass 'AlteraDSPExtractionGraphPass'.
Sun 23:15: INFO    : Optimized 0 sub-graphs into DSP multiply/add chains 
Sun 23:15: INFO    : Graph-pass 'AlteraDSPExtractionGraphPass' took 2.41263 ms (1 iterations)
Sun 23:15: INFO    : Running kernel graph-pass 'TriAddExtractionPass'.
Sun 23:15: INFO    : Graph-pass 'TriAddExtractionPass' took 68.2940 ?s (1 iterations)
Sun 23:15: INFO    : Running kernel graph-pass 'ConditionalAddExtractionPass'.
Sun 23:15: INFO    : Optimized 0 sub-graphs into conditional adds/subs/triadds.
Sun 23:15: INFO    : Graph-pass 'ConditionalAddExtractionPass' took 784.175 ?s (1 iterations)
Sun 23:15: INFO    : Running kernel graph-pass 'PO2FPMultOptimiser'.
Sun 23:15: INFO    : Graph-pass 'PO2FPMultOptimiser' took 85.5410 ?s (1 iterations)
Sun 23:15: INFO    : Running Photon simulation preparation
Sun 23:15: INFO    : Running kernel graph-pass 'PrepareSimulationPass'.
Sun 23:15: INFO    : Graph-pass 'PrepareSimulationPass' took 68.3400 ?s (1 iterations)
Sun 23:15: INFO    : Logging Photon stats to: MovingAverageSimpleKernel_photon_stats.csv
Sun 23:15: INFO    : Running kernel graph-pass 'StatsPass'.
Sun 23:15: INFO    : Graph-pass 'StatsPass' took 1.26702 ms (1 iterations)
Sun 23:15: INFO    : Running kernel graph-pass 'CollectNumericExceptions'.
Sun 23:15: INFO    : Graph-pass 'CollectNumericExceptions' took 73.1520 ?s (1 iterations)
Sun 23:15: INFO    : Running kernel graph-pass 'StreamOffsetDivExpand'.
Sun 23:15: INFO    : Graph-pass 'StreamOffsetDivExpand' took 102.698 ?s (1 iterations)
Sun 23:15: INFO    : Running kernel graph-pass 'FindIllegalLoops'.
Sun 23:15: INFO    : Graph-pass 'FindIllegalLoops' took 698.925 ?s (1 iterations)
Sun 23:15: INFO    : Running kernel graph-pass 'MarkConstantPass'.
Sun 23:15: INFO    : Graph-pass 'MarkConstantPass' took 88.9570 ?s (1 iterations)
Sun 23:15: INFO    : Running kernel graph-pass 'ScheduleVariables'.
Sun 23:15: INFO    : Graph-pass 'ScheduleVariables' took 2.59695 ms (1 iterations)
Sun 23:15: INFO    : Running kernel graph-pass 'SubstituteEqPlaceholders'.
Sun 23:15: INFO    : Graph-pass 'SubstituteEqPlaceholders' took 75.8140 ?s (1 iterations)
Sun 23:15: INFO    : Running kernel graph-pass 'ScheduleApplier'.
Sun 23:15: INFO    : Graph-pass 'ScheduleApplier' took 448.088 ?s (1 iterations)
Sun 23:15: INFO    : Running kernel graph-pass 'MarkConstantPass'.
Sun 23:15: INFO    : Graph-pass 'MarkConstantPass' took 88.0650 ?s (1 iterations)
Sun 23:15: INFO    : Running kernel graph-pass 'ScheduleDumper'.
Sun 23:15: INFO    : Graph-pass 'ScheduleDumper' took 1.45395 ms (1 iterations)
Sun 23:15: INFO    : Running Photon post-schedule graph optimisations (pass 1)
Sun 23:15: INFO    : Running kernel graph-pass 'TapFIFOsPass'.
Sun 23:15: INFO    : Graph-pass 'TapFIFOsPass' took 483.115 ?s (1 iterations)
Sun 23:15: INFO    : Running kernel graph-pass 'FoldFIFOsPass'.
Sun 23:15: INFO    : Graph-pass 'FoldFIFOsPass' took 164.006 ?s (1 iterations)
Sun 23:15: INFO    : Running kernel graph-pass 'MarkConstantPass'.
Sun 23:15: INFO    : Graph-pass 'MarkConstantPass' took 89.1280 ?s (1 iterations)
Sun 23:15: INFO    : Running kernel graph-pass 'ValidateFIFOs'.
Sun 23:15: INFO    : Graph-pass 'ValidateFIFOs' took 63.2430 ?s (1 iterations)
Sun 23:15: INFO    : Running kernel graph-pass 'MarkConstantPass'.
Sun 23:15: INFO    : Graph-pass 'MarkConstantPass' took 93.3660 ?s (1 iterations)
Sun 23:15: INFO    : Running kernel graph-pass 'ScheduleDumper'.
Sun 23:15: INFO    : Graph-pass 'ScheduleDumper' took 984.658 ?s (1 iterations)
Sun 23:15: INFO    : Running kernel graph-pass 'MarkConstantPass'.
Sun 23:15: INFO    : Graph-pass 'MarkConstantPass' took 91.9360 ?s (1 iterations)
Sun 23:15: INFO    : Running kernel graph-pass 'ScheduleConstants'.
Sun 23:15: INFO    : Running command: "/opt/maxcompiler//bin/cbc" "MovingAverageSimpleKernel_schedule_C.mps.gz" -threads 4 -solve  -printi csv -solu "MovingAverageSimpleKernel_schedule_C.csv" > "MovingAverageSimpleKernel_schedule_C.stdout.log"
Sun 23:15: INFO    : Optimum found: 0
Sun 23:15: INFO    : Graph-pass 'ScheduleConstants' took 57.2354 ms (1 iterations)
Sun 23:15: INFO    : Running kernel graph-pass 'MarkConstantPass'.
Sun 23:15: INFO    : Graph-pass 'MarkConstantPass' took 259.264 ?s (1 iterations)
Sun 23:15: INFO    : Running kernel graph-pass 'ScheduleDumper'.
Sun 23:15: INFO    : Graph-pass 'ScheduleDumper' took 1.45944 ms (1 iterations)
Sun 23:15: INFO    : Running kernel graph-pass 'SubstituteEqPlaceholders'.
Sun 23:15: INFO    : Graph-pass 'SubstituteEqPlaceholders' took 85.8980 ?s (1 iterations)
Sun 23:15: INFO    : Running kernel graph-pass 'RemoveDistMeasurementNodes'.
Sun 23:15: INFO    : Graph-pass 'RemoveDistMeasurementNodes' took 22.0610 ?s (1 iterations)
Sun 23:15: INFO    : Running kernel graph-pass 'ScheduleApplier'.
Sun 23:15: INFO    : Graph-pass 'ScheduleApplier' took 299.749 ?s (1 iterations)
Sun 23:15: INFO    : Maximum stream latency for kernel 'MovingAverageSimpleKernel': 11
Sun 23:15: INFO    : Using user logic for flush.
Sun 23:15: INFO    : Running Photon post-schedule graph optimisations (pass 2)
Sun 23:15: INFO    : Running kernel graph-pass 'TapFIFOsPass'.
Sun 23:15: INFO    : Graph-pass 'TapFIFOsPass' took 424.150 ?s (1 iterations)
Sun 23:15: INFO    : Running kernel graph-pass 'FoldFIFOsPass'.
Sun 23:15: INFO    : Graph-pass 'FoldFIFOsPass' took 152.226 ?s (1 iterations)
Sun 23:15: INFO    : Running kernel graph-pass 'MarkConstantPass'.
Sun 23:15: INFO    : Graph-pass 'MarkConstantPass' took 86.4010 ?s (1 iterations)
Sun 23:15: INFO    : Running kernel graph-pass 'ScheduleAsserter'.
Sun 23:15: INFO    : Graph-pass 'ScheduleAsserter' took 232.880 ?s (1 iterations)
Sun 23:15: INFO    : Running kernel graph-pass 'ReplaceEvalStreamOffsetNodes'.
Sun 23:15: INFO    : Graph-pass 'ReplaceEvalStreamOffsetNodes' took 63.2370 ?s (1 iterations)
Sun 23:15: INFO    : Running kernel graph-pass 'FIFOReport'.
Sun 23:15: INFO    : Graph-pass 'FIFOReport' took 636.329 ?s (1 iterations)
Sun 23:15: INFO    : Running kernel graph-pass 'StatsPass'.
Sun 23:15: INFO    : Graph-pass 'StatsPass' took 835.286 ?s (1 iterations)
Sun 23:15: INFO    : Running kernel graph-pass 'RemoveUntypedConstants'.
Sun 23:15: INFO    : Graph-pass 'RemoveUntypedConstants' took 7.07407 ms (1 iterations)
Sun 23:15: INFO    : Running kernel graph-pass 'VariableSizeMappedRegInserter'.
Sun 23:15: INFO    : Graph-pass 'VariableSizeMappedRegInserter' took 61.4650 ?s (1 iterations)
Sun 23:15: INFO    : Running kernel graph-pass 'MarkConstantPass'.
Sun 23:15: INFO    : Graph-pass 'MarkConstantPass' took 86.0180 ?s (1 iterations)
Sun 23:15: INFO    : Running kernel graph-pass 'MakeMaxFileNodeData'.
Sun 23:15: INFO    : Graph-pass 'MakeMaxFileNodeData' took 1.72990 ms (1 iterations)
Sun 23:15: INFO    : Running kernel graph-pass 'MoveFanoutRegsForwards'.
Sun 23:15: INFO    : Graph-pass 'MoveFanoutRegsForwards' took 62.1000 ?s (1 iterations)
Sun 23:15: INFO    : Optimization report for Kernel 'MovingAverageSimpleKernel'.
Sun 23:15: INFO    : Enabled optimizations:
Sun 23:15: INFO    : 	DSP-MultAdd
Sun 23:15: INFO    : 	Tri-Adder
Sun 23:15: INFO    : 	Conditional (Tri)Adds/Subs/AddSubs
Sun 23:15: INFO    : 	Power-of-2 Floating Point
Sun 23:15: INFO    : Creating a preliminary MaxCompilerDesignData.dat. (@ CoreCompile MovingAverageSimpleKernel)
Sun 23:15: INFO    : Total compilation of 'MovingAverageSimpleKernel' took 264.771 ms.
Sun 23:15: INFO    : Running kernel graph-pass 'MarkConstantPass'.
Sun 23:15: INFO    : Graph-pass 'MarkConstantPass' took 112.221 ?s (1 iterations)
Sun 23:15: INFO    : Running kernel graph-pass 'MaxConstantLatency'.
Sun 23:15: INFO    : Graph-pass 'MaxConstantLatency' took 417.929 ?s (1 iterations)
Sun 23:15: INFO    : Running kernel graph-pass 'SimCodeGraphPass'.
Sun 23:15: INFO    : Graph-pass 'SimCodeGraphPass' took 12.1019 ms (1 iterations)
Sun 23:15: INFO    : Writing current graph to: MovingAverageSimple-MovingAverageSimpleKernel-final-simulation.pxg
Sun 23:15: INFO    : Running kernel graph-pass 'GeneratePXG'.
Sun 23:15: INFO    : Graph-pass 'GeneratePXG' took 38.0709 ms (1 iterations)
Sun 23:15: INFO    : Running manager compiler graph-pass: GenerateMXGInfo
Sun 23:15: INFO    : Running manager compiler graph-pass: ScheduleStallLatency
Sun 23:15: INFO    : Running manager compiler graph-pass: ClockWidthAssignment
Sun 23:15: INFO    : Running manager compiler graph-pass: InsertDualAspectLogic
Sun 23:15: INFO    : Running manager compiler graph-pass: ClockWidthAssignment
Sun 23:15: INFO    : Running manager compiler graph-pass: InsertPullPushAdapter
Sun 23:15: INFO    : Running manager compiler graph-pass: ClockWidthAssignment
Sun 23:15: INFO    : Running manager compiler graph-pass: InsertStreamFifos
Sun 23:15: INFO    : Running manager compiler graph-pass: ClockWidthAssignment
Sun 23:15: INFO    : Running manager compiler graph-pass: InsertStreamStatus
Sun 23:15: INFO    : Running manager compiler graph-pass: InsertChipscope
Sun 23:15: INFO    : Inserted 0 chipscope manager nodes.
Sun 23:15: INFO    : Running manager compiler graph-pass: ClockWidthAssignment
Sun 23:15: INFO    : Running manager compiler graph-pass: ReportClockAssignments
Sun 23:15: INFO    : Running manager compiler graph-pass: BuildSoftwareSim
Sun 23:15: INFO    : Mapped register report:
Sun 23:15: INFO    : 	0	io_x_force_disabled	1bytes
Sun 23:15: INFO    : 	1	io_y_force_disabled	1bytes
Sun 23:15: INFO    : 	2	io_s_force_disabled	1bytes
Sun 23:15: INFO    : 	3	run_cycle_count	6bytes
Sun 23:15: INFO    : 	9	current_run_cycle_count	6bytes
Sun 23:15: INFO    : 	f	dbg_ctld_almost_empty	1bytes
Sun 23:15: INFO    : 	10	dbg_ctld_done	1bytes
Sun 23:15: INFO    : 	11	dbg_ctld_empty	1bytes
Sun 23:15: INFO    : 	12	dbg_ctld_read	1bytes
Sun 23:15: INFO    : 	13	dbg_ctld_read_pipe_dbg	1bytes
Sun 23:15: INFO    : 	14	dbg_ctld_request	1bytes
Sun 23:15: INFO    : 	15	dbg_done_out	1bytes
Sun 23:15: INFO    : 	16	dbg_fill_level	1bytes
Sun 23:15: INFO    : 	17	dbg_flush_level	1bytes
Sun 23:15: INFO    : 	18	dbg_flush_start	1bytes
Sun 23:15: INFO    : 	19	dbg_flush_start_level	1bytes
Sun 23:15: INFO    : 	1a	dbg_flushing	1bytes
Sun 23:15: INFO    : 	1b	dbg_full_level	1bytes
Sun 23:15: INFO    : 	1c	dbg_out_stall	1bytes
Sun 23:15: INFO    : 	1d	dbg_out_valid	1bytes
Sun 23:15: INFO    : 	1e	dbg_stall_vector	1bytes
Sun 23:15: INFO    : 	1f	ifpga_ctrl	1bytes
Sun 23:15: INFO    : 	20	SFA_FORWARD_EN	4bytes
Sun 23:15: INFO    : Mapped register chain length = 36
Sun 23:15: INFO    : Mapped register efficiency = 0.61 (177 / 288 bits)
Sun 23:15: INFO    : Mapped memory report:
Sun 23:15: INFO    : 	No mapped memories in this design.
Sun 23:15: INFO    : Running manager compiler graph-pass: GenerateMXGInfo
Sun 23:15: INFO    : Running manager compiler graph-pass: GenerateSlicHostCode
Sun 23:15: INFO    : Generating SLIC interface information
Sun 23:15: INFO    : Generating SLIC code for interface 'default'
Sun 23:15: INFO    : Skipping blacklisted scalar parameter 'MovingAverageSimpleKernel.current_run_cycle_count'
Sun 23:15: INFO    : Interface 'default' depends on parameter 'N'
Sun 23:15: INFO    : Generating XML description for Maxfile
Sun 23:15: INFO    : Generating XML description for mode 'default'
Sun 23:15: INFO    : Skipping blacklisted scalar parameter 'MovingAverageSimpleKernel.current_run_cycle_count'
Sun 23:15: INFO    : Interface 'default' depends on parameter 'N'
Sun 23:15: INFO    : Adding SLIC sections to the maxfile
Sun 23:15: INFO    : Adding user files to the maxfile
Sun 23:15: INFO    : Generating SLIC include file
Sun 23:15: INFO    : Done generating SLIC interface information
Sun 23:15: PROGRESS: Running back-end simulation build (3 phases)
Sun 23:15: PROGRESS: (1/3) - Prepare MaxFile Data (GenerateMaxFileDataFile)
Sun 23:15: INFO    : Build pass 'GenerateMaxFileDataFile' took 16.3280 ms.
Sun 23:15: PROGRESS: (2/3) - Compile Simulation Modules (SimCompilePass)
Sun 23:15: INFO    : Running command: make -j2
Sun 23:15: INFO    : make[3]: Entering directory `/tmp/MovingAverageSimple_MAIA_DFE_SIM/scratch/software-sim/build'
Sun 23:15: INFO    : mkdir -p objdir
Sun 23:15: INFO    : mkdir -p stdsimheader.h.gch
Sun 23:15: INFO    : /opt/maxcompiler//lib/clang/bin/start.sh clang++ -c -fPIC -B/opt/maxcompiler//lib/gcc -fbracket-depth=1024 -D_GLIBCXX__PTHREADS -D__USE_XOPEN2K8 -O3  -I. -I/opt/maxcompiler//lib/boost/include -I/opt/maxcompiler//lib/maxeleros-sim/include -I/opt/maxcompiler//lib/lwip_sim -I/opt/maxcompiler//lib/lwip_sim/include -I/opt/maxcompiler//lib/lwip_sim/include/arch -I/opt/maxcompiler//lib/lwip_sim/include/ipv4  -DHAVE_KERNELS -DMAXFILE_INC="../../MaxCompilerDesignData.dat" -g0  -DSLIC_NO_DECLARATIONS   -O0 -DOPTIMIZATION_LEVEL=0 -x c++-header \
Sun 23:15: INFO    : 		-o stdsimheader.h.gch/O0_stdsimheader.h.gch stdsimheader.h
Sun 23:15: INFO    : /opt/maxcompiler//lib/clang/bin/start.sh clang++ -c -fPIC -B/opt/maxcompiler//lib/gcc -fbracket-depth=1024 -D_GLIBCXX__PTHREADS -D__USE_XOPEN2K8 -O3  -I. -I/opt/maxcompiler//lib/boost/include -I/opt/maxcompiler//lib/maxeleros-sim/include -I/opt/maxcompiler//lib/lwip_sim -I/opt/maxcompiler//lib/lwip_sim/include -I/opt/maxcompiler//lib/lwip_sim/include/arch -I/opt/maxcompiler//lib/lwip_sim/include/ipv4  -DHAVE_KERNELS -DMAXFILE_INC="../../MaxCompilerDesignData.dat" -g0  -DSLIC_NO_DECLARATIONS   -fno-implicit-templates -O2 -DOPTIMIZATION_LEVEL=2 -x c++-header \
Sun 23:15: INFO    : 		-o stdsimheader.h.gch/NoTplInst_O2_stdsimheader.h.gch stdsimheader.h
Sun 23:15: INFO    : make MovingAverageSimple.so
Sun 23:15: INFO    : make[4]: Entering directory `/tmp/MovingAverageSimple_MAIA_DFE_SIM/scratch/software-sim/build'
Sun 23:15: INFO    : /opt/maxcompiler//lib/clang/bin/start.sh clang++ -c -fPIC -B/opt/maxcompiler//lib/gcc -fbracket-depth=1024 -D_GLIBCXX__PTHREADS -D__USE_XOPEN2K8 -O3  -I. -I/opt/maxcompiler//lib/boost/include -I/opt/maxcompiler//lib/maxeleros-sim/include -I/opt/maxcompiler//lib/lwip_sim -I/opt/maxcompiler//lib/lwip_sim/include -I/opt/maxcompiler//lib/lwip_sim/include/arch -I/opt/maxcompiler//lib/lwip_sim/include/ipv4  -DHAVE_KERNELS -DMAXFILE_INC="../../MaxCompilerDesignData.dat" -g0  -DSLIC_NO_DECLARATIONS   -fno-implicit-templates -include-pch stdsimheader.h.gch -O2 -DOPTIMIZATION_LEVEL=2 -o objdir/MovingAverageSimpleKernel_exec0.NoTplInst.O2.o MovingAverageSimpleKernel_exec0.cpp
Sun 23:15: INFO    : /opt/maxcompiler//lib/clang/bin/start.sh clang++ -c -fPIC -B/opt/maxcompiler//lib/gcc -fbracket-depth=1024 -D_GLIBCXX__PTHREADS -D__USE_XOPEN2K8 -O3  -I. -I/opt/maxcompiler//lib/boost/include -I/opt/maxcompiler//lib/maxeleros-sim/include -I/opt/maxcompiler//lib/lwip_sim -I/opt/maxcompiler//lib/lwip_sim/include -I/opt/maxcompiler//lib/lwip_sim/include/arch -I/opt/maxcompiler//lib/lwip_sim/include/ipv4  -DHAVE_KERNELS -DMAXFILE_INC="../../MaxCompilerDesignData.dat" -g0  -DSLIC_NO_DECLARATIONS   -include-pch stdsimheader.h.gch -O0 -DOPTIMIZATION_LEVEL=0 -o objdir/MovingAverageSimpleKernel.O0.o MovingAverageSimpleKernel.cpp
Sun 23:15: INFO    : /opt/maxcompiler//lib/clang/bin/start.sh clang++ -fPIC -B/opt/maxcompiler//lib/gcc -fbracket-depth=1024 -D_GLIBCXX__PTHREADS -D__USE_XOPEN2K8 -O3  -I. -I/opt/maxcompiler//lib/boost/include -I/opt/maxcompiler//lib/maxeleros-sim/include -I/opt/maxcompiler//lib/lwip_sim -I/opt/maxcompiler//lib/lwip_sim/include -I/opt/maxcompiler//lib/lwip_sim/include/arch -I/opt/maxcompiler//lib/lwip_sim/include/ipv4  -DHAVE_KERNELS -DMAXFILE_INC="../../MaxCompilerDesignData.dat" -g0  -DSLIC_NO_DECLARATIONS   -MM -MP -MT objdir/MovingAverageSimpleKernel.O0.o \
Sun 23:15: INFO    : 		MovingAverageSimpleKernel.cpp > objdir/MovingAverageSimpleKernel.O0.d
Sun 23:15: INFO    : /opt/maxcompiler//lib/clang/bin/start.sh clang++ -fPIC -B/opt/maxcompiler//lib/gcc -fbracket-depth=1024 -D_GLIBCXX__PTHREADS -D__USE_XOPEN2K8 -O3  -I. -I/opt/maxcompiler//lib/boost/include -I/opt/maxcompiler//lib/maxeleros-sim/include -I/opt/maxcompiler//lib/lwip_sim -I/opt/maxcompiler//lib/lwip_sim/include -I/opt/maxcompiler//lib/lwip_sim/include/arch -I/opt/maxcompiler//lib/lwip_sim/include/ipv4  -DHAVE_KERNELS -DMAXFILE_INC="../../MaxCompilerDesignData.dat" -g0  -DSLIC_NO_DECLARATIONS   -MM -MP -MT objdir/MovingAverageSimpleKernel_exec0.NoTplInst.O2.o \
Sun 23:15: INFO    : 		MovingAverageSimpleKernel_exec0.cpp > objdir/MovingAverageSimpleKernel_exec0.NoTplInst.O2.d
Sun 23:15: INFO    : /opt/maxcompiler//lib/clang/bin/start.sh clang++ -c -fPIC -B/opt/maxcompiler//lib/gcc -fbracket-depth=1024 -D_GLIBCXX__PTHREADS -D__USE_XOPEN2K8 -O3  -I. -I/opt/maxcompiler//lib/boost/include -I/opt/maxcompiler//lib/maxeleros-sim/include -I/opt/maxcompiler//lib/lwip_sim -I/opt/maxcompiler//lib/lwip_sim/include -I/opt/maxcompiler//lib/lwip_sim/include/arch -I/opt/maxcompiler//lib/lwip_sim/include/ipv4  -DHAVE_KERNELS -DMAXFILE_INC="../../MaxCompilerDesignData.dat" -g0  -DSLIC_NO_DECLARATIONS   -include-pch stdsimheader.h.gch -O2 -DOPTIMIZATION_LEVEL=2 -o objdir/MovingAverageSimpleKernel_Templates.O2.o MovingAverageSimpleKernel_Templates.cpp
Sun 23:15: INFO    : /opt/maxcompiler//lib/clang/bin/start.sh clang++ -c -fPIC -B/opt/maxcompiler//lib/gcc -fbracket-depth=1024 -D_GLIBCXX__PTHREADS -D__USE_XOPEN2K8 -O3  -I. -I/opt/maxcompiler//lib/boost/include -I/opt/maxcompiler//lib/maxeleros-sim/include -I/opt/maxcompiler//lib/lwip_sim -I/opt/maxcompiler//lib/lwip_sim/include -I/opt/maxcompiler//lib/lwip_sim/include/arch -I/opt/maxcompiler//lib/lwip_sim/include/ipv4  -DHAVE_KERNELS -DMAXFILE_INC="../../MaxCompilerDesignData.dat" -g0  -DSLIC_NO_DECLARATIONS   -include-pch stdsimheader.h.gch -O0 -DOPTIMIZATION_LEVEL=0 -o objdir/max_msi.O0.o max_msi.cpp
Sun 23:15: INFO    : In file included from max_msi.cpp:19:
Sun 23:15: INFO    : /tmp/MovingAverageSimple_MAIA_DFE_SIM/scratch/software-sim/build/MaxFile.h:4:9: warning: '_QUOTE' macro redefined [-Wmacro-redefined]
Sun 23:15: INFO    : #define _QUOTE(what) #what
Sun 23:15: INFO    :         ^
Sun 23:15: INFO    : /opt/maxcompiler//lib/maxeleros-sim/include/maxrt_error.h:87:9: note: previous definition is here
Sun 23:15: INFO    : #define _QUOTE(x) #x
Sun 23:15: INFO    :         ^
Sun 23:15: INFO    : /opt/maxcompiler//lib/clang/bin/start.sh clang++ -fPIC -B/opt/maxcompiler//lib/gcc -fbracket-depth=1024 -D_GLIBCXX__PTHREADS -D__USE_XOPEN2K8 -O3  -I. -I/opt/maxcompiler//lib/boost/include -I/opt/maxcompiler//lib/maxeleros-sim/include -I/opt/maxcompiler//lib/lwip_sim -I/opt/maxcompiler//lib/lwip_sim/include -I/opt/maxcompiler//lib/lwip_sim/include/arch -I/opt/maxcompiler//lib/lwip_sim/include/ipv4  -DHAVE_KERNELS -DMAXFILE_INC="../../MaxCompilerDesignData.dat" -g0  -DSLIC_NO_DECLARATIONS   -MM -MP -MT objdir/MovingAverageSimpleKernel_Templates.O2.o \
Sun 23:15: INFO    : 		MovingAverageSimpleKernel_Templates.cpp > objdir/MovingAverageSimpleKernel_Templates.O2.d
Sun 23:15: INFO    : 1 warning generated.
Sun 23:15: INFO    : /opt/maxcompiler//lib/clang/bin/start.sh clang++ -fPIC -B/opt/maxcompiler//lib/gcc -fbracket-depth=1024 -D_GLIBCXX__PTHREADS -D__USE_XOPEN2K8 -O3  -I. -I/opt/maxcompiler//lib/boost/include -I/opt/maxcompiler//lib/maxeleros-sim/include -I/opt/maxcompiler//lib/lwip_sim -I/opt/maxcompiler//lib/lwip_sim/include -I/opt/maxcompiler//lib/lwip_sim/include/arch -I/opt/maxcompiler//lib/lwip_sim/include/ipv4  -DHAVE_KERNELS -DMAXFILE_INC="../../MaxCompilerDesignData.dat" -g0  -DSLIC_NO_DECLARATIONS   -MM -MP -MT objdir/max_msi.O0.o \
Sun 23:15: INFO    : 		max_msi.cpp > objdir/max_msi.O0.d
Sun 23:15: INFO    : /opt/maxcompiler//lib/clang/bin/start.sh clang++ -fPIC -shared -B/opt/maxcompiler//lib/gcc -L/opt/maxcompiler//lib/boost/lib -lboost_thread -lboost_system -lboost_filesystem -lrt -pthread -O2 -s  -o MovingAverageSimple.so objdir/MovingAverageSimpleKernel_exec0.NoTplInst.O2.o objdir/MovingAverageSimpleKernel.O0.o objdir/MovingAverageSimpleKernel_Templates.O2.o objdir/max_msi.O0.o StructToGroupDummy.o Mux.o DualAspectMux.o Demux.o Fanout.o CapRegs.o IFPGARegs.o ChecksumMem.o PCIe.o KernelManagerBlockSync.o DualAspectReg.o PullPushAdapter.o FilePullSource.o max_shared_fifo.o SharedFIFO.o Fifos.o FilePushSink.o SimTerminator.o Watch.o StreamStatus.o RunLengthExpander.o ManagerBlock.o MappedElements.o ManagerSync.o PullSync.o PushSync.o DynamicVarUInt.o SimException.o DebugStreams.o AddressGenerator.o MemoryControllerPro.o MemoryControllerRAM.o MemoryControllerCommand.o MemoryControllerStreams.o MemoryControllerConfig.o TCP.o Ethernet.o Timestamp.o /opt/maxcompiler//lib/lwip_sim/lib/liblwip.a
Sun 23:15: INFO    : make[4]: Leaving directory `/tmp/MovingAverageSimple_MAIA_DFE_SIM/scratch/software-sim/build'
Sun 23:15: INFO    : make[3]: Leaving directory `/tmp/MovingAverageSimple_MAIA_DFE_SIM/scratch/software-sim/build'
Sun 23:15: INFO    : Build pass 'SimCompilePass' took 6.05950 s.
Sun 23:15: PROGRESS: (3/3) - Generate MaxFile (AddSimObjectToMaxFilePass)
Sun 23:15: INFO    : Build pass 'AddSimObjectToMaxFilePass' took 192.801 ms.
Sun 23:15: INFO    : Final result files after build: 
Sun 23:15: INFO    : Running command: ln -sf "../scratch/MovingAverageSimple-MovingAverageSimpleKernel-original.pxg"
Sun 23:15: INFO    : MovingAverageSimple-MovingAverageSimpleKernel-original.pxg (BuildFilePXG)
Sun 23:15: INFO    : Running command: ln -sf "../scratch/MovingAverageSimpleKernel_Configuration.txt"
Sun 23:15: INFO    : MovingAverageSimpleKernel_Configuration.txt (BuildFile)
Sun 23:15: INFO    : Running command: ln -sf "../scratch/MovingAverageSimpleKernel_NodeDiary.txt"
Sun 23:15: INFO    : MovingAverageSimpleKernel_NodeDiary.txt (BuildFile)
Sun 23:15: INFO    : Running command: ln -sf "../scratch/MovingAverageSimple-MovingAverageSimpleKernel-final-simulation.pxg"
Sun 23:15: INFO    : MovingAverageSimple-MovingAverageSimpleKernel-final-simulation.pxg (BuildFilePXG)
Sun 23:15: INFO    : Running command: ln -sf "../scratch/MovingAverageSimple.xml"
Sun 23:15: INFO    : MovingAverageSimple.xml (BuildFile)
Sun 23:15: INFO    : Running command: ln -sf "../scratch/MovingAverageSimple.h"
Sun 23:15: INFO    : MovingAverageSimple.h (BuildFileSlicH)
Sun 23:15: INFO    : Running command: ln -sf "../scratch/MovingAverageSimple.max"
Sun 23:15: INFO    : MovingAverageSimple.max (BuildFileMaxFile)
Sun 23:15: INFO    : Result files will be copied to '/home/smallina/WebIDE-Projects/dot/CPUCode/results'
Sun 23:15: INFO    : Result 'MovingAverageSimple-MovingAverageSimpleKernel-original.pxg' is identical to '/home/smallina/WebIDE-Projects/dot/CPUCode/results/MovingAverageSimple-MovingAverageSimpleKernel-original.pxg': not overwriting.
Sun 23:15: INFO    : Result 'MovingAverageSimple-MovingAverageSimpleKernel-final-simulation.pxg' is identical to '/home/smallina/WebIDE-Projects/dot/CPUCode/results/MovingAverageSimple-MovingAverageSimpleKernel-final-simulation.pxg': not overwriting.
Sun 23:15: INFO    : Result 'MovingAverageSimple.h' is identical to '/home/smallina/WebIDE-Projects/dot/CPUCode/results/MovingAverageSimple.h': not overwriting.
Sun 23:15: INFO    : Copying result 'MovingAverageSimple.max' to '/home/smallina/WebIDE-Projects/dot/CPUCode/results/MovingAverageSimple.max'
Sun 23:15: INFO    : Running command: cp -rf "/tmp/MovingAverageSimple_MAIA_DFE_SIM/scratch/MovingAverageSimple.max" "/home/smallina/WebIDE-Projects/dot/CPUCode/results/MovingAverageSimple.max"
Sun 23:15: PROGRESS: MaxFile: /tmp/MovingAverageSimple_MAIA_DFE_SIM/results/MovingAverageSimple.max (MD5Sum: 8aa0b894b112e3b616df686caa3cb931)
Sun 23:15: INFO    : Waiting for any outstanding jobs to finish... 
Sun 23:15: PROGRESS: Build completed: Sun Dec 11 23:15:26 UTC 2016 (took 7 secs)
